app/build/intermediates/manifest_merge_blame_file/release/manifest-merger-blame-release-report.txt
1<?xml version="1.0" encoding="utf-8"?>
2<manifest xmlns:android="http://schemas.android.com/apk/res/android"
3    package="com.ajdi.yassin.popularmovies"
4    android:versionCode="1"
5    android:versionName="1.0" >
6
7    <uses-sdk
8        android:minSdkVersion="19"
8-->src/main/AndroidManifest.xml
9        android:targetSdkVersion="28" />
9-->src/main/AndroidManifest.xml
10
11    <uses-permission android:name="android.permission.INTERNET" />
11-->src/main/AndroidManifest.xml:6:5-67
11-->src/main/AndroidManifest.xml:6:22-64
12    <uses-permission android:name="android.permission.ACCESS_NETWORK_STATE" />
12-->src/main/AndroidManifest.xml:7:5-79
12-->src/main/AndroidManifest.xml:7:22-76
13
14    <application
14-->src/main/AndroidManifest.xml:9:5-34:19
15        android:name="com.ajdi.yassin.popularmovies.MoviesApplication"
15-->src/main/AndroidManifest.xml:10:9-71
16        android:allowBackup="true"
16-->src/main/AndroidManifest.xml:11:9-35
17        android:appComponentFactory="androidx.core.app.CoreComponentFactory"
17-->[androidx.core:core:1.1.0] AndroidManifest.xml:24:18-86
18        android:icon="@mipmap/ic_launcher"
18-->src/main/AndroidManifest.xml:12:9-43
19        android:label="@string/app_name"
19-->src/main/AndroidManifest.xml:13:9-41
20        android:roundIcon="@mipmap/ic_launcher_round"
20-->src/main/AndroidManifest.xml:14:9-54
21        android:supportsRtl="true"
21-->src/main/AndroidManifest.xml:15:9-35
22        android:theme="@style/AppTheme"
22-->src/main/AndroidManifest.xml:16:9-40
23        android:usesCleartextTraffic="true" >
23-->src/main/AndroidManifest.xml:17:9-44
24        <activity
24-->src/main/AndroidManifest.xml:20:9-28:20
25            android:name="com.ajdi.yassin.popularmovies.ui.movieslist.MoviesActivity"
25-->src/main/AndroidManifest.xml:21:13-86
26            android:launchMode="singleTop" >
26-->src/main/AndroidManifest.xml:22:13-43
27            <intent-filter>
27-->src/main/AndroidManifest.xml:23:13-27:29
28                <action android:name="android.intent.action.MAIN" />
28-->src/main/AndroidManifest.xml:24:17-69
28-->src/main/AndroidManifest.xml:24:25-66
29
30                <category android:name="android.intent.category.LAUNCHER" />
30-->src/main/AndroidManifest.xml:26:17-77
30-->src/main/AndroidManifest.xml:26:27-74
31            </intent-filter>
32        </activity>
33        <activity
33-->src/main/AndroidManifest.xml:29:9-31:103
34            android:name="com.ajdi.yassin.popularmovies.ui.moviedetails.DetailsActivity"
34-->src/main/AndroidManifest.xml:30:13-89
35            android:parentActivityName="com.ajdi.yassin.popularmovies.ui.movieslist.MoviesActivity" />
35-->src/main/AndroidManifest.xml:31:13-100
36        <activity
36-->src/main/AndroidManifest.xml:32:9-33:74
37            android:name="com.ajdi.yassin.popularmovies.LoadingActivity"
37-->src/main/AndroidManifest.xml:32:19-50
38            android:theme="@android:style/Theme.NoTitleBar.Fullscreen" />
38-->src/main/AndroidManifest.xml:33:13-71
39
40        <service
40-->[androidx.room:room-runtime:2.1.0] AndroidManifest.xml:25:9-27:40
41            android:name="androidx.room.MultiInstanceInvalidationService"
41-->[androidx.room:room-runtime:2.1.0] AndroidManifest.xml:26:13-74
42            android:exported="false" />
42-->[androidx.room:room-runtime:2.1.0] AndroidManifest.xml:27:13-37
43
44        <provider
44-->[androidx.lifecycle:lifecycle-process:2.1.0] AndroidManifest.xml:23:9-27:43
45            android:name="androidx.lifecycle.ProcessLifecycleOwnerInitializer"
45-->[androidx.lifecycle:lifecycle-process:2.1.0] AndroidManifest.xml:24:13-79
46            android:authorities="com.ajdi.yassin.popularmovies.lifecycle-process"
46-->[androidx.lifecycle:lifecycle-process:2.1.0] AndroidManifest.xml:25:13-69
47            android:exported="false"
47-->[androidx.lifecycle:lifecycle-process:2.1.0] AndroidManifest.xml:26:13-37
48            android:multiprocess="true" />
48-->[androidx.lifecycle:lifecycle-process:2.1.0] AndroidManifest.xml:27:13-40
49    </application>
50
51</manifest>